<?xml version="1.0" encoding="UTF-8"?>
<testng-results ignored="0" total="1" passed="1" failed="0" skipped="0">
  <reporter-output>
  </reporter-output>
  <suite started-at="2025-06-14T22:09:53 IST" name="Default suite" finished-at="2025-06-14T22:10:16 IST" duration-ms="23140">
    <groups>
    </groups>
    <test started-at="2025-06-14T22:09:53 IST" name="Default test" finished-at="2025-06-14T22:10:16 IST" duration-ms="23140">
      <class name="pageObjectModule.ExecutionClas">
        <test-method is-config="true" signature="steup()[pri:0, instance:pageObjectModule.ExecutionClas@10683d9d]" started-at="2025-06-14T22:09:53 IST" name="steup" finished-at="2025-06-14T22:10:13 IST" duration-ms="20192" status="PASS">
          <reporter-output>
          </reporter-output>
        </test-method> <!-- steup -->
        <test-method signature="login()[pri:0, instance:pageObjectModule.ExecutionClas@10683d9d]" started-at="2025-06-14T22:10:13 IST" name="login" finished-at="2025-06-14T22:10:15 IST" duration-ms="1856" status="PASS">
          <reporter-output>
          </reporter-output>
        </test-method> <!-- login -->
        <test-method is-config="true" signature="closed()[pri:0, instance:pageObjectModule.ExecutionClas@10683d9d]" started-at="2025-06-14T22:10:15 IST" name="closed" finished-at="2025-06-14T22:10:16 IST" duration-ms="940" status="PASS">
          <reporter-output>
          </reporter-output>
        </test-method> <!-- closed -->
      </class> <!-- pageObjectModule.ExecutionClas -->
    </test> <!-- Default test -->
  </suite> <!-- Default suite -->
</testng-results>
